<?xml version="1.0" encoding="UTF-8"?>
<testng-results ignored="0" total="1" passed="1" failed="0" skipped="0">
  <reporter-output>
  </reporter-output>
  <suite started-at="2023-01-07T11:21:05 IST" name="Default suite" finished-at="2023-01-07T11:22:22 IST" duration-ms="76225">
    <groups>
    </groups>
    <test started-at="2023-01-07T11:21:05 IST" name="Default test" finished-at="2023-01-07T11:22:22 IST" duration-ms="76225">
      <class name="trelloLogin.TrelloBoard">
        <test-method is-config="true" signature="setup()[pri:0, instance:trelloLogin.TrelloBoard@1622f1b]" started-at="2023-01-07T11:21:06 IST" name="setup" finished-at="2023-01-07T11:21:15 IST" duration-ms="9136" status="PASS">
          <reporter-output>
          </reporter-output>
        </test-method> <!-- setup -->
        <test-method signature="Execute()[pri:0, instance:trelloLogin.TrelloBoard@1622f1b]" started-at="2023-01-07T11:21:15 IST" name="Execute" finished-at="2023-01-07T11:22:05 IST" duration-ms="50799" status="PASS">
          <reporter-output>
          </reporter-output>
        </test-method> <!-- Execute -->
        <test-method is-config="true" signature="close()[pri:0, instance:trelloLogin.TrelloBoard@1622f1b]" started-at="2023-01-07T11:22:05 IST" name="close" finished-at="2023-01-07T11:22:22 IST" duration-ms="16258" status="PASS">
          <reporter-output>
          </reporter-output>
        </test-method> <!-- close -->
      </class> <!-- trelloLogin.TrelloBoard -->
    </test> <!-- Default test -->
  </suite> <!-- Default suite -->
</testng-results>
